Failed to load condition daemon /daemon/condition/0, removed from obj/user#3307 ("风扇")
Error: *call_other() couldn't find object

Failed to load condition daemon /daemon/condition/0, removed from obj/user#450 ("风扇")
Error: *call_other() couldn't find object

Failed to load condition daemon /daemon/condition/0, removed from obj/user#434 ("风扇")
Error: *call_other() couldn't find object

Failed to load condition daemon /daemon/condition/0, removed from obj/user#2748 ("风扇")
Error: *call_other() couldn't find object

Failed to load condition daemon /daemon/condition/0, removed from obj/user#652 ("风扇")
Error: *call_other() couldn't find object

Failed to load condition daemon /daemon/condition/0, removed from obj/user#652 ("风扇")
Error: *call_other() couldn't find object

Failed to load condition daemon /daemon/condition/0, removed from obj/user#18720 ("盈八")
Error: *call_other() couldn't find object

Failed to load condition daemon /daemon/condition/0, removed from obj/user#19166 ("罗十七")
Error: *call_other() couldn't find object

Failed to load condition daemon /daemon/condition/0, removed from obj/user#456 ("风扇")
Error: *call_other() couldn't find object

Failed to load condition daemon /daemon/condition/0, removed from obj/user#862 ("天下")
Error: *call_other() couldn't find object

Failed to load condition daemon /daemon/condition/0, removed from obj/user#842 ("风云变幻")
Error: *call_other() couldn't find object

Failed to load condition daemon /daemon/condition/0, removed from obj/user#420 ("呆十四")
Error: *call_other() couldn't find object

Failed to load condition daemon /daemon/condition/0, removed from obj/user#1850 ("天下")
Error: *call_other() couldn't find object

Failed to load condition daemon /daemon/condition/0, removed from obj/user#9412 ("风云变幻")
Error: *call_other() couldn't find object

Failed to load condition daemon /daemon/condition/0, removed from obj/user#1558 ("项十一")
Error: *call_other() couldn't find object

Failed to load condition daemon /daemon/condition/0, removed from obj/user#242 ("项十一")
Error: *call_other() couldn't find object

Failed to load condition daemon /daemon/condition/0, removed from /obj/user#1354 ("白羽")
Error: *call_other() couldn't find object

